<?xml version="1.0" encoding="UTF-8"?>
<!-- Generated by org.testng.reporters.JUnitXMLReporter -->
<testsuite hostname="Monikas-MacBook-Pro.local" name="Surefire test" tests="31" failures="0" timestamp="18 Dec 2017 17:48:43 GMT" time="0.723" errors="0">
  <testcase name="testDivideZeros on testDivideZeros(com.project.maven.calculator_monikas.CalculatorBasicTest)" time="0.108" classname="com.project.maven.calculator_monikas.CalculatorBasicTest"/>
  <testcase name="testMultiplyPositiveNumbers on testMultiplyPositiveNumbers(com.project.maven.calculator_monikas.CalculatorBasicTest)" time="0.032" classname="com.project.maven.calculator_monikas.CalculatorBasicTest"/>
  <testcase name="testMultiplyNegativeNumbers on testMultiplyNegativeNumbers(com.project.maven.calculator_monikas.CalculatorBasicTest)" time="0.045" classname="com.project.maven.calculator_monikas.CalculatorBasicTest"/>
  <testcase name="testAddZeros on testAddZeros(com.project.maven.calculator_monikas.CalculatorBasicTest)" time="0.083" classname="com.project.maven.calculator_monikas.CalculatorBasicTest"/>
  <testcase name="testAddPositiveNumbers on testAddPositiveNumbers(com.project.maven.calculator_monikas.CalculatorBasicTest)" time="0.009" classname="com.project.maven.calculator_monikas.CalculatorBasicTest"/>
  <testcase name="testAddNegativeNumbers on testAddNegativeNumbers(com.project.maven.calculator_monikas.CalculatorBasicTest)" time="0.022" classname="com.project.maven.calculator_monikas.CalculatorBasicTest"/>
  <testcase name="testDividePositiveNumbers on testDividePositiveNumbers(com.project.maven.calculator_monikas.CalculatorBasicTest)" time="0.018" classname="com.project.maven.calculator_monikas.CalculatorBasicTest"/>
  <testcase name="testDivisionNegativeNumbers on testDivisionNegativeNumbers(com.project.maven.calculator_monikas.CalculatorBasicTest)" time="0.012" classname="com.project.maven.calculator_monikas.CalculatorBasicTest"/>
  <testcase name="testSubtractPositiveNumbers on testSubtractPositiveNumbers(com.project.maven.calculator_monikas.CalculatorBasicTest)" time="0.018" classname="com.project.maven.calculator_monikas.CalculatorBasicTest"/>
  <testcase name="testSubtractNegativeNumbers on testSubtractNegativeNumbers(com.project.maven.calculator_monikas.CalculatorBasicTest)" time="0.021" classname="com.project.maven.calculator_monikas.CalculatorBasicTest"/>
  <testcase name="testMultiplyZeros on testMultiplyZeros(com.project.maven.calculator_monikas.CalculatorBasicTest)" time="0.019" classname="com.project.maven.calculator_monikas.CalculatorBasicTest"/>
  <testcase name="testSubtractZeros on testSubtractZeros(com.project.maven.calculator_monikas.CalculatorBasicTest)" time="0.043" classname="com.project.maven.calculator_monikas.CalculatorBasicTest"/>
  <testcase name="testDivideZeros on testDivideZeros(com.project.maven.calculator_monikas.CalculatorAdvancedTest)" time="0.0" classname="com.project.maven.calculator_monikas.CalculatorAdvancedTest"/>
  <testcase name="testSquareRootPositiveNumbers on testSquareRootPositiveNumbers(com.project.maven.calculator_monikas.CalculatorAdvancedTest)" time="0.013" classname="com.project.maven.calculator_monikas.CalculatorAdvancedTest"/>
  <testcase name="testAbsoluteValueWithZero on testAbsoluteValueWithZero(com.project.maven.calculator_monikas.CalculatorAdvancedTest)" time="0.009" classname="com.project.maven.calculator_monikas.CalculatorAdvancedTest"/>
  <testcase name="testSquareRootNegativeNumbers on testSquareRootNegativeNumbers(com.project.maven.calculator_monikas.CalculatorAdvancedTest)" time="0.007" classname="com.project.maven.calculator_monikas.CalculatorAdvancedTest"/>
  <testcase name="testSquareRooWithZero on testSquareRooWithZero(com.project.maven.calculator_monikas.CalculatorAdvancedTest)" time="0.005" classname="com.project.maven.calculator_monikas.CalculatorAdvancedTest"/>
  <testcase name="testCubeRootPositiveNumbers on testCubeRootPositiveNumbers(com.project.maven.calculator_monikas.CalculatorAdvancedTest)" time="0.006" classname="com.project.maven.calculator_monikas.CalculatorAdvancedTest"/>
  <testcase name="testRaisedToPowerOf3WithZero on testRaisedToPowerOf3WithZero(com.project.maven.calculator_monikas.CalculatorAdvancedTest)" time="0.008" classname="com.project.maven.calculator_monikas.CalculatorAdvancedTest"/>
  <testcase name="testCubeRootNegativeNumbers on testCubeRootNegativeNumbers(com.project.maven.calculator_monikas.CalculatorAdvancedTest)" time="0.005" classname="com.project.maven.calculator_monikas.CalculatorAdvancedTest"/>
  <testcase name="testCubeRooWithZero on testCubeRooWithZero(com.project.maven.calculator_monikas.CalculatorAdvancedTest)" time="0.009" classname="com.project.maven.calculator_monikas.CalculatorAdvancedTest"/>
  <testcase name="testAbsoluteValuePositiveNumbers on testAbsoluteValuePositiveNumbers(com.project.maven.calculator_monikas.CalculatorAdvancedTest)" time="0.012" classname="com.project.maven.calculator_monikas.CalculatorAdvancedTest"/>
  <testcase name="testRandomValuePositiveNumbers on testRandomValuePositiveNumbers(com.project.maven.calculator_monikas.CalculatorAdvancedTest)" time="0.008" classname="com.project.maven.calculator_monikas.CalculatorAdvancedTest"/>
  <testcase name="testAbsoluteValueNegativeNumbers on testAbsoluteValueNegativeNumbers(com.project.maven.calculator_monikas.CalculatorAdvancedTest)" time="0.011" classname="com.project.maven.calculator_monikas.CalculatorAdvancedTest"/>
  <testcase name="test1DividedByPositiveNumbers on test1DividedByPositiveNumbers(com.project.maven.calculator_monikas.CalculatorAdvancedTest)" time="0.008" classname="com.project.maven.calculator_monikas.CalculatorAdvancedTest"/>
  <testcase name="test1DividedByNegativeNumbers on test1DividedByNegativeNumbers(com.project.maven.calculator_monikas.CalculatorAdvancedTest)" time="0.008" classname="com.project.maven.calculator_monikas.CalculatorAdvancedTest"/>
  <testcase name="testRaisedToPowerOf3PositiveNumbers on testRaisedToPowerOf3PositiveNumbers(com.project.maven.calculator_monikas.CalculatorAdvancedTest)" time="0.009" classname="com.project.maven.calculator_monikas.CalculatorAdvancedTest"/>
  <testcase name="testRaisedToPowerOf2WithZero on testRaisedToPowerOf2WithZero(com.project.maven.calculator_monikas.CalculatorAdvancedTest)" time="0.006" classname="com.project.maven.calculator_monikas.CalculatorAdvancedTest"/>
  <testcase name="testRaisedToPowerOf3NegativeNumbers on testRaisedToPowerOf3NegativeNumbers(com.project.maven.calculator_monikas.CalculatorAdvancedTest)" time="0.005" classname="com.project.maven.calculator_monikas.CalculatorAdvancedTest"/>
  <testcase name="testRaisedToPowerOf2PositiveNumbers on testRaisedToPowerOf2PositiveNumbers(com.project.maven.calculator_monikas.CalculatorAdvancedTest)" time="0.006" classname="com.project.maven.calculator_monikas.CalculatorAdvancedTest"/>
  <testcase name="testRaisedToPowerOf2NegativeNumbers on testRaisedToPowerOf2NegativeNumbers(com.project.maven.calculator_monikas.CalculatorAdvancedTest)" time="0.014" classname="com.project.maven.calculator_monikas.CalculatorAdvancedTest"/>
</testsuite> <!-- Surefire test -->
