<?xml version="1.0" encoding="UTF-8"?>
<testsuite name="TestSuite" time="0.566" tests="31" errors="0" skipped="0" failures="0">
  <properties>
[...]
</properties>
  <testcase name="testDivideZeros on testDivideZeros(com.project.maven.calculator_monikas.CalculatorBasicTest)" classname="com.project.maven.calculator_monikas.CalculatorBasicTest" time="0.105"/>
  <testcase name="testMultiplyPositiveNumbers on testMultiplyPositiveNumbers(com.project.maven.calculator_monikas.CalculatorBasicTest)" classname="com.project.maven.calculator_monikas.CalculatorBasicTest" time="0.031"/>
  <testcase name="testMultiplyNegativeNumbers on testMultiplyNegativeNumbers(com.project.maven.calculator_monikas.CalculatorBasicTest)" classname="com.project.maven.calculator_monikas.CalculatorBasicTest" time="0.045"/>
  <testcase name="testAddZeros on testAddZeros(com.project.maven.calculator_monikas.CalculatorBasicTest)" classname="com.project.maven.calculator_monikas.CalculatorBasicTest" time="0.086"/>
  <testcase name="testAddPositiveNumbers on testAddPositiveNumbers(com.project.maven.calculator_monikas.CalculatorBasicTest)" classname="com.project.maven.calculator_monikas.CalculatorBasicTest" time="0.013"/>
  <testcase name="testAddNegativeNumbers on testAddNegativeNumbers(com.project.maven.calculator_monikas.CalculatorBasicTest)" classname="com.project.maven.calculator_monikas.CalculatorBasicTest" time="0.017"/>
  <testcase name="testDividePositiveNumbers on testDividePositiveNumbers(com.project.maven.calculator_monikas.CalculatorBasicTest)" classname="com.project.maven.calculator_monikas.CalculatorBasicTest" time="0.019"/>
  <testcase name="testDivisionNegativeNumbers on testDivisionNegativeNumbers(com.project.maven.calculator_monikas.CalculatorBasicTest)" classname="com.project.maven.calculator_monikas.CalculatorBasicTest" time="0.011"/>
  <testcase name="testSubtractPositiveNumbers on testSubtractPositiveNumbers(com.project.maven.calculator_monikas.CalculatorBasicTest)" classname="com.project.maven.calculator_monikas.CalculatorBasicTest" time="0.018"/>
  <testcase name="testSubtractNegativeNumbers on testSubtractNegativeNumbers(com.project.maven.calculator_monikas.CalculatorBasicTest)" classname="com.project.maven.calculator_monikas.CalculatorBasicTest" time="0.021"/>
  <testcase name="testMultiplyZeros on testMultiplyZeros(com.project.maven.calculator_monikas.CalculatorBasicTest)" classname="com.project.maven.calculator_monikas.CalculatorBasicTest" time="0.018"/>
  <testcase name="testSubtractZeros on testSubtractZeros(com.project.maven.calculator_monikas.CalculatorBasicTest)" classname="com.project.maven.calculator_monikas.CalculatorBasicTest" time="0.042"/>
  <testcase name="testDivideZeros on testDivideZeros(com.project.maven.calculator_monikas.CalculatorAdvancedTest)" classname="com.project.maven.calculator_monikas.CalculatorAdvancedTest" time="0"/>
  <testcase name="testSquareRootPositiveNumbers on testSquareRootPositiveNumbers(com.project.maven.calculator_monikas.CalculatorAdvancedTest)" classname="com.project.maven.calculator_monikas.CalculatorAdvancedTest" time="0.011"/>
  <testcase name="testAbsoluteValueWithZero on testAbsoluteValueWithZero(com.project.maven.calculator_monikas.CalculatorAdvancedTest)" classname="com.project.maven.calculator_monikas.CalculatorAdvancedTest" time="0.008"/>
  <testcase name="testSquareRootNegativeNumbers on testSquareRootNegativeNumbers(com.project.maven.calculator_monikas.CalculatorAdvancedTest)" classname="com.project.maven.calculator_monikas.CalculatorAdvancedTest" time="0.008"/>
  <testcase name="testSquareRooWithZero on testSquareRooWithZero(com.project.maven.calculator_monikas.CalculatorAdvancedTest)" classname="com.project.maven.calculator_monikas.CalculatorAdvancedTest" time="0.005"/>
  <testcase name="testCubeRootPositiveNumbers on testCubeRootPositiveNumbers(com.project.maven.calculator_monikas.CalculatorAdvancedTest)" classname="com.project.maven.calculator_monikas.CalculatorAdvancedTest" time="0.006"/>
  <testcase name="testRaisedToPowerOf3WithZero on testRaisedToPowerOf3WithZero(com.project.maven.calculator_monikas.CalculatorAdvancedTest)" classname="com.project.maven.calculator_monikas.CalculatorAdvancedTest" time="0.009"/>
  <testcase name="testCubeRootNegativeNumbers on testCubeRootNegativeNumbers(com.project.maven.calculator_monikas.CalculatorAdvancedTest)" classname="com.project.maven.calculator_monikas.CalculatorAdvancedTest" time="0.007"/>
  <testcase name="testCubeRooWithZero on testCubeRooWithZero(com.project.maven.calculator_monikas.CalculatorAdvancedTest)" classname="com.project.maven.calculator_monikas.CalculatorAdvancedTest" time="0.009"/>
  <testcase name="testAbsoluteValuePositiveNumbers on testAbsoluteValuePositiveNumbers(com.project.maven.calculator_monikas.CalculatorAdvancedTest)" classname="com.project.maven.calculator_monikas.CalculatorAdvancedTest" time="0.01"/>
  <testcase name="testRandomValuePositiveNumbers on testRandomValuePositiveNumbers(com.project.maven.calculator_monikas.CalculatorAdvancedTest)" classname="com.project.maven.calculator_monikas.CalculatorAdvancedTest" time="0.007"/>
  <testcase name="testAbsoluteValueNegativeNumbers on testAbsoluteValueNegativeNumbers(com.project.maven.calculator_monikas.CalculatorAdvancedTest)" classname="com.project.maven.calculator_monikas.CalculatorAdvancedTest" time="0.012"/>
  <testcase name="test1DividedByPositiveNumbers on test1DividedByPositiveNumbers(com.project.maven.calculator_monikas.CalculatorAdvancedTest)" classname="com.project.maven.calculator_monikas.CalculatorAdvancedTest" time="0.007"/>
  <testcase name="test1DividedByNegativeNumbers on test1DividedByNegativeNumbers(com.project.maven.calculator_monikas.CalculatorAdvancedTest)" classname="com.project.maven.calculator_monikas.CalculatorAdvancedTest" time="0.006"/>
  <testcase name="testRaisedToPowerOf3PositiveNumbers on testRaisedToPowerOf3PositiveNumbers(com.project.maven.calculator_monikas.CalculatorAdvancedTest)" classname="com.project.maven.calculator_monikas.CalculatorAdvancedTest" time="0.009"/>
  <testcase name="testRaisedToPowerOf2WithZero on testRaisedToPowerOf2WithZero(com.project.maven.calculator_monikas.CalculatorAdvancedTest)" classname="com.project.maven.calculator_monikas.CalculatorAdvancedTest" time="0.005"/>
  <testcase name="testRaisedToPowerOf3NegativeNumbers on testRaisedToPowerOf3NegativeNumbers(com.project.maven.calculator_monikas.CalculatorAdvancedTest)" classname="com.project.maven.calculator_monikas.CalculatorAdvancedTest" time="0.002"/>
  <testcase name="testRaisedToPowerOf2PositiveNumbers on testRaisedToPowerOf2PositiveNumbers(com.project.maven.calculator_monikas.CalculatorAdvancedTest)" classname="com.project.maven.calculator_monikas.CalculatorAdvancedTest" time="0.006"/>
  <testcase name="testRaisedToPowerOf2NegativeNumbers on testRaisedToPowerOf2NegativeNumbers(com.project.maven.calculator_monikas.CalculatorAdvancedTest)" classname="com.project.maven.calculator_monikas.CalculatorAdvancedTest" time="0.013"/>
</testsuite>